<?xml version="1.0" encoding="UTF-8"?>
<!-- Generated by org.testng.reporters.JUnitXMLReporter -->
<testsuite ignored="0" hostname="MAA125CD0141R61" failures="0" tests="3" name="Default test" time="0.1" errors="0" timestamp="2022-02-08T20:43:35 IST">
  <testcase classname="projecttestcases.Base" name="@BeforeSuite desiredbrowsersetup" time="-1.644333215449E9">
    <failure type="org.testng.TestNGException" message="
Parameter &amp;apos;browser&amp;apos; is required by BeforeSuite on method desiredbrowsersetup but has not been marked @Optional or defined
in C:\Users\bbuanan\AppData\Local\Temp\testng-eclipse--305034074\testng-customsuite.xml">
      <![CDATA[org.testng.TestNGException: 
Parameter 'browser' is required by BeforeSuite on method desiredbrowsersetup but has not been marked @Optional or defined
in C:\Users\bbuanan\AppData\Local\Temp\testng-eclipse--305034074\testng-customsuite.xml
at org.testng.internal.Parameters.createParams(Parameters.java:267)
at org.testng.internal.Parameters.createParametersForMethod(Parameters.java:355)
at org.testng.internal.Parameters.createParameters(Parameters.java:660)
at org.testng.internal.Parameters.createConfigurationParameters(Parameters.java:166)
at org.testng.internal.invokers.ConfigInvoker.invokeConfigurations(ConfigInvoker.java:300)
at org.testng.SuiteRunner.privateRun(SuiteRunner.java:368)
at org.testng.SuiteRunner.run(SuiteRunner.java:326)
at org.testng.SuiteRunnerWorker.runSuite(SuiteRunnerWorker.java:52)
at org.testng.SuiteRunnerWorker.run(SuiteRunnerWorker.java:95)
at org.testng.TestNG.runSuitesSequentially(TestNG.java:1249)
at org.testng.TestNG.runSuitesLocally(TestNG.java:1169)
at org.testng.TestNG.runSuites(TestNG.java:1092)
at org.testng.TestNG.run(TestNG.java:1060)
at org.testng.remote.AbstractRemoteTestNG.run(AbstractRemoteTestNG.java:115)
at org.testng.remote.RemoteTestNG.initAndRun(RemoteTestNG.java:251)
at org.testng.remote.RemoteTestNG.main(RemoteTestNG.java:77)
]]>
    </failure>
  </testcase> <!-- @BeforeSuite desiredbrowsersetup -->
  <testcase classname="projecttestcases.LoginTC1" name="login" time="0.001">
    <skipped/>
  </testcase> <!-- login -->
  <testcase classname="projecttestcases.LoginTC1" name="myinfo" time="0.001">
    <skipped/>
  </testcase> <!-- myinfo -->
  <testcase classname="projecttestcases.LoginTC1" name="getpagetitle" time="0.001">
    <skipped/>
  </testcase> <!-- getpagetitle -->
</testsuite> <!-- Default test -->
